Using pre-set license
Built from '2020.3/staging' branch; Version is '2020.3.16f1 (049d6eca3c44) revision 302446'; Using compiler version '192528614'; Build Type 'Release'
OS: 'Windows 10 Home; OS build 19043.2006; Version 2009; 64bit' Language: 'en' Physical Memory: 16269 MB
BatchMode: 1, IsHumanControllingUs: 0, StartBugReporterOnCrash: 0, Is64bit: 1, IsPro: 0

 COMMAND LINE ARGUMENTS:
C:\Program Files\Unity\2020.3.16f1\Editor\Unity.exe
-adb2
-batchMode
-noUpm
-name
AssetImportWorker0
-projectPath
C:/Users/Jessica/OneDrive - University of Waterloo (1)/Documents/games/dress up
-logFile
Logs/AssetImportWorker0.log
-srvPort
61487
Successfully changed project path to: C:/Users/Jessica/OneDrive - University of Waterloo (1)/Documents/games/dress up
C:/Users/Jessica/OneDrive - University of Waterloo (1)/Documents/games/dress up
Using Asset Import Pipeline V2.
Refreshing native plugins compatible for Editor in 142.94 ms, found 3 plugins.
Preloading 0 native plugins for Editor in 0.00 ms.
Initialize engine version: 2020.3.16f1 (049d6eca3c44)
[Subsystems] Discovering subsystems at path C:/Program Files/Unity/2020.3.16f1/Editor/Data/Resources/UnitySubsystems
[Subsystems] Discovering subsystems at path C:/Users/Jessica/OneDrive - University of Waterloo (1)/Documents/games/dress up/Assets
GfxDevice: creating device client; threaded=0
Direct3D:
    Version:  Direct3D 11.0 [level 11.1]
    Renderer: Intel(R) HD Graphics 620 (ID=0x5916)
    Vendor:   
    VRAM:     8134 MB
    Driver:   26.20.100.7325
Initialize mono
Mono path[0] = 'C:/Program Files/Unity/2020.3.16f1/Editor/Data/Managed'
Mono path[1] = 'C:/Program Files/Unity/2020.3.16f1/Editor/Data/MonoBleedingEdge/lib/mono/unityjit'
Mono config path = 'C:/Program Files/Unity/2020.3.16f1/Editor/Data/MonoBleedingEdge/etc'
Using monoOptions --debugger-agent=transport=dt_socket,embedding=1,server=y,suspend=n,address=127.0.0.1:56304
Begin MonoManager ReloadAssembly
Registering precompiled unity dll's ...
Register platform support module: C:/Program Files/Unity/2020.3.16f1/Editor/Data/PlaybackEngines/WindowsStandaloneSupport/UnityEditor.WindowsStandalone.Extensions.dll
Registered in 0.008055 seconds.
Native extension for WindowsStandalone target not found
Refreshing native plugins compatible for Editor in 104.55 ms, found 3 plugins.
Preloading 0 native plugins for Editor in 0.00 ms.
Mono: successfully reloaded assembly
- Completed reload, in 11.224 seconds
Domain Reload Profiling:
	ReloadAssembly (11224ms)
		BeginReloadAssembly (921ms)
			ExecutionOrderSort (0ms)
			DisableScriptedObjects (0ms)
			BackupInstance (0ms)
			ReleaseScriptingObjects (0ms)
			CreateAndSetChildDomain (18ms)
		EndReloadAssembly (1295ms)
			LoadAssemblies (855ms)
			RebuildTransferFunctionScriptingTraits (0ms)
			SetupTypeCache (482ms)
			ReleaseScriptCaches (0ms)
			RebuildScriptCaches (70ms)
			SetupLoadedEditorAssemblies (524ms)
				LogAssemblyErrors (0ms)
				InitializePlatformSupportModulesInManaged (11ms)
				SetLoadedEditorAssemblies (0ms)
				RefreshPlugins (105ms)
				BeforeProcessingInitializeOnLoad (20ms)
				ProcessInitializeOnLoadAttributes (302ms)
				ProcessInitializeOnLoadMethodAttributes (85ms)
				AfterProcessingInitializeOnLoad (0ms)
				EditorAssembliesLoaded (0ms)
			ExecutionOrderSort2 (0ms)
			AwakeInstancesAfterBackupRestoration (0ms)
Platform modules already initialized, skipping
Registering precompiled user dll's ...
Registered in 0.016134 seconds.
Begin MonoManager ReloadAssembly
Native extension for WindowsStandalone target not found
Refreshing native plugins compatible for Editor in 107.90 ms, found 3 plugins.
Preloading 0 native plugins for Editor in 0.00 ms.
Mono: successfully reloaded assembly
- Completed reload, in  3.078 seconds
Domain Reload Profiling:
	ReloadAssembly (3079ms)
		BeginReloadAssembly (404ms)
			ExecutionOrderSort (0ms)
			DisableScriptedObjects (9ms)
			BackupInstance (0ms)
			ReleaseScriptingObjects (0ms)
			CreateAndSetChildDomain (43ms)
		EndReloadAssembly (2528ms)
			LoadAssemblies (320ms)
			RebuildTransferFunctionScriptingTraits (0ms)
			SetupTypeCache (711ms)
			ReleaseScriptCaches (1ms)
			RebuildScriptCaches (145ms)
			SetupLoadedEditorAssemblies (1012ms)
				LogAssemblyErrors (0ms)
				InitializePlatformSupportModulesInManaged (14ms)
				SetLoadedEditorAssemblies (0ms)
				RefreshPlugins (108ms)
				BeforeProcessingInitializeOnLoad (173ms)
				ProcessInitializeOnLoadAttributes (651ms)
				ProcessInitializeOnLoadMethodAttributes (46ms)
				AfterProcessingInitializeOnLoad (19ms)
				EditorAssembliesLoaded (0ms)
			ExecutionOrderSort2 (0ms)
			AwakeInstancesAfterBackupRestoration (16ms)
Platform modules already initialized, skipping
========================================================================
Worker process is ready to serve import requests
Launched and connected shader compiler UnityShaderCompiler.exe after 0.11 seconds
Refreshing native plugins compatible for Editor in 0.98 ms, found 3 plugins.
Preloading 0 native plugins for Editor in 0.00 ms.
Unloading 2097 Unused Serialized files (Serialized files now loaded: 0)
System memory in use before: 94.0 MB.
System memory in use after: 94.1 MB.

Unloading 28 unused Assets to reduce memory usage. Loaded Objects now: 2535.
Total: 7.690800 ms (FindLiveObjects: 0.464600 ms CreateObjectMapping: 0.215200 ms MarkObjects: 6.875100 ms  DeleteObjects: 0.133200 ms)

AssetImportParameters requested are different than current active one (requested -> active):
  custom:framework-win-MediaFoundation: 216162199b28c13a410421893ffa2e32 -> 
  custom:video-decoder-ogg-theora: a1e56fd34408186e4bbccfd4996cb3dc -> 
  custom:container-muxer-webm: aa71ff27fc2769a1b78a27578f13a17b -> 
  custom:container-demuxer-webm: 4f35f7cbe854078d1ac9338744f61a02 -> 
  custom:container-demuxer-ogg: 62fdf1f143b41e24485cea50d1cbac27 -> 
  custom:video-encoder-webm-vp8: eb34c28f22e8b96e1ab97ce403110664 -> 
  custom:video-codec-MediaFoundation-h265: 746d11721c4dcdbdad8f713fa42b33f4 -> 
  custom:video-decoder-webm-vp8: 9c59270c3fd7afecdb556c50c9e8de78 -> 
  custom:audio-decoder-ogg-vorbis: bf7c407c2cedff20999df2af8eb42d56 -> 
  custom:audio-encoder-webm-vorbis: bf7c407c2cedff20999df2af8eb42d56 -> 
========================================================================
Received Import Request.
  path: Assets/tops.asset
  artifactKey: Guid(02616014c0a9952458d3faeb495703c8) Importer(815301076,1909f56bfc062723c751e8b465ee728b)
Start importing Assets/tops.asset using Guid(02616014c0a9952458d3faeb495703c8) Importer(815301076,1909f56bfc062723c751e8b465ee728b)  -> (artifact id: 'f5bae54958893a73e8ade25e392c636c') in 0.096067 seconds 
  Import took 0.107950 seconds .

========================================================================
Received Import Request.
  Time since last request: 310.354136 seconds.
  path: Assets/tops Variant.prefab
  artifactKey: Guid(c87e404fdfba1ac43b435846be44f745) Importer(815301076,1909f56bfc062723c751e8b465ee728b)
Start importing Assets/tops Variant.prefab using Guid(c87e404fdfba1ac43b435846be44f745) Importer(815301076,1909f56bfc062723c751e8b465ee728b) The script 'Items' does not derive from MonoBehaviour, but has been added to Game Object 'items'. Please remove the script from the Game Object to avoid crashes.

 -> (artifact id: '9822c49d1dbddefba603c324941f0039') in 0.202036 seconds 
  Import took 0.250215 seconds .

========================================================================
Received Import Request.
  Time since last request: 0.000366 seconds.
  path: Assets/tops Variant.prefab
  artifactKey: Guid(c87e404fdfba1ac43b435846be44f745) Importer(815301076,1909f56bfc062723c751e8b465ee728b)
Start importing Assets/tops Variant.prefab using Guid(c87e404fdfba1ac43b435846be44f745) Importer(815301076,1909f56bfc062723c751e8b465ee728b) The script 'Items' does not derive from MonoBehaviour, but has been added to Game Object 'items'. Please remove the script from the Game Object to avoid crashes.

 -> (artifact id: '8743a3abc454a6ae3bd3c51ee59b97b4') in 0.069771 seconds 
  Import took 0.085910 seconds .

========================================================================
Received Import Request.
  Time since last request: 4.609129 seconds.
  path: Assets/bottoms Variant.prefab
  artifactKey: Guid(8eb680464e169d045b8cbc218f73ee9d) Importer(815301076,1909f56bfc062723c751e8b465ee728b)
Start importing Assets/bottoms Variant.prefab using Guid(8eb680464e169d045b8cbc218f73ee9d) Importer(815301076,1909f56bfc062723c751e8b465ee728b) The script 'Items' does not derive from MonoBehaviour, but has been added to Game Object 'items'. Please remove the script from the Game Object to avoid crashes.

 -> (artifact id: '5e951cb7f1c2e6c9d7172003811440a1') in 0.279177 seconds 
  Import took 0.298772 seconds .

========================================================================
Received Import Request.
  Time since last request: 0.000220 seconds.
  path: Assets/bottoms Variant.prefab
  artifactKey: Guid(8eb680464e169d045b8cbc218f73ee9d) Importer(815301076,1909f56bfc062723c751e8b465ee728b)
Start importing Assets/bottoms Variant.prefab using Guid(8eb680464e169d045b8cbc218f73ee9d) Importer(815301076,1909f56bfc062723c751e8b465ee728b) The script 'Items' does not derive from MonoBehaviour, but has been added to Game Object 'items'. Please remove the script from the Game Object to avoid crashes.

 -> (artifact id: '146da791db44eb08bf78edf53a970031') in 0.099003 seconds 
  Import took 0.121759 seconds .

========================================================================
Received Import Request.
  Time since last request: 5.843495 seconds.
  path: Assets/shoes Variant.prefab
  artifactKey: Guid(aa21c0c33cd29b942b23c06bdd7b3a76) Importer(815301076,1909f56bfc062723c751e8b465ee728b)
Start importing Assets/shoes Variant.prefab using Guid(aa21c0c33cd29b942b23c06bdd7b3a76) Importer(815301076,1909f56bfc062723c751e8b465ee728b) The script 'Items' does not derive from MonoBehaviour, but has been added to Game Object 'items'. Please remove the script from the Game Object to avoid crashes.

 -> (artifact id: 'a3b4f21f03b2eed39674c5ff852ed38b') in 0.267810 seconds 
  Import took 0.295300 seconds .

========================================================================
Received Import Request.
  Time since last request: 0.000235 seconds.
  path: Assets/shoes Variant.prefab
  artifactKey: Guid(aa21c0c33cd29b942b23c06bdd7b3a76) Importer(815301076,1909f56bfc062723c751e8b465ee728b)
Start importing Assets/shoes Variant.prefab using Guid(aa21c0c33cd29b942b23c06bdd7b3a76) Importer(815301076,1909f56bfc062723c751e8b465ee728b) The script 'Items' does not derive from MonoBehaviour, but has been added to Game Object 'items'. Please remove the script from the Game Object to avoid crashes.

 -> (artifact id: '6fe234409dc56afe50899b4ead07fb40') in 0.066363 seconds 
  Import took 0.084160 seconds .

========================================================================
Received Import Request.
  Time since last request: 3.704744 seconds.
  path: Assets/hair Variant.prefab
  artifactKey: Guid(9051dbed524ff00479989ff266d5029c) Importer(815301076,1909f56bfc062723c751e8b465ee728b)
Start importing Assets/hair Variant.prefab using Guid(9051dbed524ff00479989ff266d5029c) Importer(815301076,1909f56bfc062723c751e8b465ee728b) The script 'Items' does not derive from MonoBehaviour, but has been added to Game Object 'items'. Please remove the script from the Game Object to avoid crashes.

 -> (artifact id: 'a305e93e1539dd6028e5f88b8fd6243e') in 0.208085 seconds 
  Import took 0.262749 seconds .

========================================================================
Received Import Request.
  Time since last request: 0.000100 seconds.
  path: Assets/hair Variant.prefab
  artifactKey: Guid(9051dbed524ff00479989ff266d5029c) Importer(815301076,1909f56bfc062723c751e8b465ee728b)
Start importing Assets/hair Variant.prefab using Guid(9051dbed524ff00479989ff266d5029c) Importer(815301076,1909f56bfc062723c751e8b465ee728b) The script 'Items' does not derive from MonoBehaviour, but has been added to Game Object 'items'. Please remove the script from the Game Object to avoid crashes.

 -> (artifact id: '8cd4a05cc993d6e246069109508b633c') in 0.065136 seconds 
  Import took 0.090403 seconds .

========================================================================
Received Prepare
Registering precompiled user dll's ...
Registered in 0.010926 seconds.
Begin MonoManager ReloadAssembly
Native extension for WindowsStandalone target not found
Refreshing native plugins compatible for Editor in 0.99 ms, found 3 plugins.
Preloading 0 native plugins for Editor in 0.00 ms.
Mono: successfully reloaded assembly
- Completed reload, in  2.772 seconds
Domain Reload Profiling:
	ReloadAssembly (2773ms)
		BeginReloadAssembly (817ms)
			ExecutionOrderSort (0ms)
			DisableScriptedObjects (26ms)
			BackupInstance (0ms)
			ReleaseScriptingObjects (0ms)
			CreateAndSetChildDomain (60ms)
		EndReloadAssembly (1718ms)
			LoadAssemblies (735ms)
			RebuildTransferFunctionScriptingTraits (0ms)
			SetupTypeCache (467ms)
			ReleaseScriptCaches (2ms)
			RebuildScriptCaches (77ms)
			SetupLoadedEditorAssemblies (756ms)
				LogAssemblyErrors (0ms)
				InitializePlatformSupportModulesInManaged (7ms)
				SetLoadedEditorAssemblies (0ms)
				RefreshPlugins (1ms)
				BeforeProcessingInitializeOnLoad (104ms)
				ProcessInitializeOnLoadAttributes (610ms)
				ProcessInitializeOnLoadMethodAttributes (14ms)
				AfterProcessingInitializeOnLoad (18ms)
				EditorAssembliesLoaded (0ms)
			ExecutionOrderSort2 (0ms)
			AwakeInstancesAfterBackupRestoration (23ms)
Platform modules already initialized, skipping
Switching build target platform(19) subTarget(0) extendedPlatform(0) -> platform(9) subTarget(16777218) extendedPlatform(0)
Refreshing native plugins compatible for Editor in 0.78 ms, found 3 plugins.
Preloading 0 native plugins for Editor in 0.00 ms.
Unloading 2092 Unused Serialized files (Serialized files now loaded: 0)
System memory in use before: 93.7 MB.
System memory in use after: 93.8 MB.

Unloading 16 unused Assets to reduce memory usage. Loaded Objects now: 2540.
Total: 6.448600 ms (FindLiveObjects: 0.541400 ms CreateObjectMapping: 0.989100 ms MarkObjects: 4.864000 ms  DeleteObjects: 0.052100 ms)

AssetImportParameters requested are different than current active one (requested -> active):
  custom:framework-win-MediaFoundation: 216162199b28c13a410421893ffa2e32 -> 
  custom:video-decoder-ogg-theora: a1e56fd34408186e4bbccfd4996cb3dc -> 
  custom:container-muxer-webm: aa71ff27fc2769a1b78a27578f13a17b -> 
  custom:container-demuxer-webm: 4f35f7cbe854078d1ac9338744f61a02 -> 
  custom:container-demuxer-ogg: 62fdf1f143b41e24485cea50d1cbac27 -> 
  custom:video-encoder-webm-vp8: eb34c28f22e8b96e1ab97ce403110664 -> 
  custom:video-codec-MediaFoundation-h265: 746d11721c4dcdbdad8f713fa42b33f4 -> 
  custom:video-decoder-webm-vp8: 9c59270c3fd7afecdb556c50c9e8de78 -> 
  custom:graphics/normal-map-encoding: 01000000000000000000000000000000 -> 02000000000000000000000000000000
  custom:audio-decoder-ogg-vorbis: bf7c407c2cedff20999df2af8eb42d56 -> 
  custom:audio-encoder-webm-vorbis: bf7c407c2cedff20999df2af8eb42d56 -> 
========================================================================
Received Import Request.
  Time since last request: 479.375501 seconds.
  path: Assets/bottoms.asset
  artifactKey: Guid(7df672d2571fbc54290f89dab0dd95bd) Importer(815301076,1909f56bfc062723c751e8b465ee728b)
Start importing Assets/bottoms.asset using Guid(7df672d2571fbc54290f89dab0dd95bd) Importer(815301076,1909f56bfc062723c751e8b465ee728b)  -> (artifact id: 'b0745b9ed581f95966cbcc4dd50e9a13') in 0.039514 seconds 
  Import took 0.050657 seconds .

========================================================================
Received Import Request.
  Time since last request: 5208.779127 seconds.
  path: Assets/test.asset
  artifactKey: Guid(10c6b444cac31d847a08aa498c33c27c) Importer(815301076,1909f56bfc062723c751e8b465ee728b)
Start importing Assets/test.asset using Guid(10c6b444cac31d847a08aa498c33c27c) Importer(815301076,1909f56bfc062723c751e8b465ee728b)  -> (artifact id: 'c38b2b5791505bdef41f5a9a37f01f46') in 0.036441 seconds 
  Import took 0.131023 seconds .

========================================================================
Received Prepare
Registering precompiled user dll's ...
Registered in 0.116498 seconds.
Begin MonoManager ReloadAssembly
Native extension for WindowsStandalone target not found
Refreshing native plugins compatible for Editor in 0.98 ms, found 3 plugins.
Preloading 0 native plugins for Editor in 0.00 ms.
Mono: successfully reloaded assembly
- Completed reload, in  5.846 seconds
Domain Reload Profiling:
	ReloadAssembly (5859ms)
		BeginReloadAssembly (1574ms)
			ExecutionOrderSort (0ms)
			DisableScriptedObjects (56ms)
			BackupInstance (0ms)
			ReleaseScriptingObjects (0ms)
			CreateAndSetChildDomain (1054ms)
		EndReloadAssembly (3984ms)
			LoadAssemblies (374ms)
			RebuildTransferFunctionScriptingTraits (0ms)
			SetupTypeCache (1282ms)
			ReleaseScriptCaches (2ms)
			RebuildScriptCaches (232ms)
			SetupLoadedEditorAssemblies (1567ms)
				LogAssemblyErrors (0ms)
				InitializePlatformSupportModulesInManaged (17ms)
				SetLoadedEditorAssemblies (1ms)
				RefreshPlugins (1ms)
				BeforeProcessingInitializeOnLoad (216ms)
				ProcessInitializeOnLoadAttributes (1269ms)
				ProcessInitializeOnLoadMethodAttributes (17ms)
				AfterProcessingInitializeOnLoad (45ms)
				EditorAssembliesLoaded (0ms)
			ExecutionOrderSort2 (0ms)
			AwakeInstancesAfterBackupRestoration (53ms)
Platform modules already initialized, skipping
Switching build target platform(19) subTarget(0) extendedPlatform(0) -> platform(9) subTarget(16777218) extendedPlatform(0)
Refreshing native plugins compatible for Editor in 0.63 ms, found 3 plugins.
Preloading 0 native plugins for Editor in 0.00 ms.
Unloading 2092 Unused Serialized files (Serialized files now loaded: 0)
System memory in use before: 93.7 MB.
System memory in use after: 93.9 MB.

Unloading 16 unused Assets to reduce memory usage. Loaded Objects now: 2543.
Total: 14.202900 ms (FindLiveObjects: 0.604700 ms CreateObjectMapping: 0.221000 ms MarkObjects: 13.318300 ms  DeleteObjects: 0.053300 ms)

AssetImportParameters requested are different than current active one (requested -> active):
  custom:framework-win-MediaFoundation: 216162199b28c13a410421893ffa2e32 -> 
  custom:video-decoder-ogg-theora: a1e56fd34408186e4bbccfd4996cb3dc -> 
  custom:container-muxer-webm: aa71ff27fc2769a1b78a27578f13a17b -> 
  custom:container-demuxer-webm: 4f35f7cbe854078d1ac9338744f61a02 -> 
  custom:container-demuxer-ogg: 62fdf1f143b41e24485cea50d1cbac27 -> 
  custom:video-encoder-webm-vp8: eb34c28f22e8b96e1ab97ce403110664 -> 
  custom:video-codec-MediaFoundation-h265: 746d11721c4dcdbdad8f713fa42b33f4 -> 
  custom:video-decoder-webm-vp8: 9c59270c3fd7afecdb556c50c9e8de78 -> 
  custom:graphics/normal-map-encoding: 01000000000000000000000000000000 -> 02000000000000000000000000000000
  custom:audio-decoder-ogg-vorbis: bf7c407c2cedff20999df2af8eb42d56 -> 
  custom:audio-encoder-webm-vorbis: bf7c407c2cedff20999df2af8eb42d56 -> 
========================================================================
Received Import Request.
  Time since last request: 95.485348 seconds.
  path: Assets/test.asset
  artifactKey: Guid(10c6b444cac31d847a08aa498c33c27c) Importer(815301076,1909f56bfc062723c751e8b465ee728b)
Start importing Assets/test.asset using Guid(10c6b444cac31d847a08aa498c33c27c) Importer(815301076,1909f56bfc062723c751e8b465ee728b)  -> (artifact id: '567275d77d11c93a7aba137a7d2c5ac8') in 0.752960 seconds 
  Import took 1.221902 seconds .

========================================================================
Received Prepare
Registering precompiled user dll's ...
Registered in 0.016219 seconds.
Begin MonoManager ReloadAssembly
Native extension for WindowsStandalone target not found
Refreshing native plugins compatible for Editor in 0.64 ms, found 3 plugins.
Preloading 0 native plugins for Editor in 0.00 ms.
Mono: successfully reloaded assembly
- Completed reload, in  2.475 seconds
Domain Reload Profiling:
	ReloadAssembly (2476ms)
		BeginReloadAssembly (240ms)
			ExecutionOrderSort (0ms)
			DisableScriptedObjects (14ms)
			BackupInstance (0ms)
			ReleaseScriptingObjects (0ms)
			CreateAndSetChildDomain (83ms)
		EndReloadAssembly (2105ms)
			LoadAssemblies (202ms)
			RebuildTransferFunctionScriptingTraits (0ms)
			SetupTypeCache (724ms)
			ReleaseScriptCaches (2ms)
			RebuildScriptCaches (94ms)
			SetupLoadedEditorAssemblies (807ms)
				LogAssemblyErrors (0ms)
				InitializePlatformSupportModulesInManaged (6ms)
				SetLoadedEditorAssemblies (1ms)
				RefreshPlugins (1ms)
				BeforeProcessingInitializeOnLoad (160ms)
				ProcessInitializeOnLoadAttributes (613ms)
				ProcessInitializeOnLoadMethodAttributes (9ms)
				AfterProcessingInitializeOnLoad (17ms)
				EditorAssembliesLoaded (0ms)
			ExecutionOrderSort2 (0ms)
			AwakeInstancesAfterBackupRestoration (26ms)
Platform modules already initialized, skipping
Switching build target platform(19) subTarget(0) extendedPlatform(0) -> platform(9) subTarget(16777218) extendedPlatform(0)
Refreshing native plugins compatible for Editor in 0.64 ms, found 3 plugins.
Preloading 0 native plugins for Editor in 0.00 ms.
Unloading 2092 Unused Serialized files (Serialized files now loaded: 0)
System memory in use before: 93.8 MB.
System memory in use after: 93.9 MB.

Unloading 16 unused Assets to reduce memory usage. Loaded Objects now: 2546.
Total: 7.938300 ms (FindLiveObjects: 0.526600 ms CreateObjectMapping: 0.170200 ms MarkObjects: 6.830900 ms  DeleteObjects: 0.407600 ms)

AssetImportParameters requested are different than current active one (requested -> active):
  custom:framework-win-MediaFoundation: 216162199b28c13a410421893ffa2e32 -> 
  custom:video-decoder-ogg-theora: a1e56fd34408186e4bbccfd4996cb3dc -> 
  custom:container-muxer-webm: aa71ff27fc2769a1b78a27578f13a17b -> 
  custom:container-demuxer-webm: 4f35f7cbe854078d1ac9338744f61a02 -> 
  custom:container-demuxer-ogg: 62fdf1f143b41e24485cea50d1cbac27 -> 
  custom:video-encoder-webm-vp8: eb34c28f22e8b96e1ab97ce403110664 -> 
  custom:video-codec-MediaFoundation-h265: 746d11721c4dcdbdad8f713fa42b33f4 -> 
  custom:video-decoder-webm-vp8: 9c59270c3fd7afecdb556c50c9e8de78 -> 
  custom:graphics/normal-map-encoding: 01000000000000000000000000000000 -> 02000000000000000000000000000000
  custom:audio-decoder-ogg-vorbis: bf7c407c2cedff20999df2af8eb42d56 -> 
  custom:audio-encoder-webm-vorbis: bf7c407c2cedff20999df2af8eb42d56 -> 
========================================================================
Received Prepare
Registering precompiled user dll's ...
Registered in 0.014683 seconds.
Begin MonoManager ReloadAssembly
Native extension for WindowsStandalone target not found
Refreshing native plugins compatible for Editor in 1.08 ms, found 3 plugins.
Preloading 0 native plugins for Editor in 0.00 ms.
Mono: successfully reloaded assembly
- Completed reload, in  3.498 seconds
Domain Reload Profiling:
	ReloadAssembly (3498ms)
		BeginReloadAssembly (353ms)
			ExecutionOrderSort (0ms)
			DisableScriptedObjects (15ms)
			BackupInstance (0ms)
			ReleaseScriptingObjects (0ms)
			CreateAndSetChildDomain (92ms)
		EndReloadAssembly (2908ms)
			LoadAssemblies (330ms)
			RebuildTransferFunctionScriptingTraits (0ms)
			SetupTypeCache (736ms)
			ReleaseScriptCaches (2ms)
			RebuildScriptCaches (137ms)
			SetupLoadedEditorAssemblies (1270ms)
				LogAssemblyErrors (0ms)
				InitializePlatformSupportModulesInManaged (13ms)
				SetLoadedEditorAssemblies (1ms)
				RefreshPlugins (1ms)
				BeforeProcessingInitializeOnLoad (153ms)
				ProcessInitializeOnLoadAttributes (1017ms)
				ProcessInitializeOnLoadMethodAttributes (46ms)
				AfterProcessingInitializeOnLoad (39ms)
				EditorAssembliesLoaded (0ms)
			ExecutionOrderSort2 (0ms)
			AwakeInstancesAfterBackupRestoration (31ms)
Platform modules already initialized, skipping
Switching build target platform(19) subTarget(0) extendedPlatform(0) -> platform(9) subTarget(16777218) extendedPlatform(0)
Refreshing native plugins compatible for Editor in 1.05 ms, found 3 plugins.
Preloading 0 native plugins for Editor in 0.00 ms.
Unloading 2092 Unused Serialized files (Serialized files now loaded: 0)
System memory in use before: 93.8 MB.
System memory in use after: 93.9 MB.

Unloading 16 unused Assets to reduce memory usage. Loaded Objects now: 2549.
Total: 4.765400 ms (FindLiveObjects: 0.489600 ms CreateObjectMapping: 0.164500 ms MarkObjects: 4.042800 ms  DeleteObjects: 0.067000 ms)

AssetImportParameters requested are different than current active one (requested -> active):
  custom:framework-win-MediaFoundation: 216162199b28c13a410421893ffa2e32 -> 
  custom:video-decoder-ogg-theora: a1e56fd34408186e4bbccfd4996cb3dc -> 
  custom:container-muxer-webm: aa71ff27fc2769a1b78a27578f13a17b -> 
  custom:container-demuxer-webm: 4f35f7cbe854078d1ac9338744f61a02 -> 
  custom:container-demuxer-ogg: 62fdf1f143b41e24485cea50d1cbac27 -> 
  custom:video-encoder-webm-vp8: eb34c28f22e8b96e1ab97ce403110664 -> 
  custom:video-codec-MediaFoundation-h265: 746d11721c4dcdbdad8f713fa42b33f4 -> 
  custom:video-decoder-webm-vp8: 9c59270c3fd7afecdb556c50c9e8de78 -> 
  custom:graphics/normal-map-encoding: 01000000000000000000000000000000 -> 02000000000000000000000000000000
  custom:audio-decoder-ogg-vorbis: bf7c407c2cedff20999df2af8eb42d56 -> 
  custom:audio-encoder-webm-vorbis: bf7c407c2cedff20999df2af8eb42d56 -> 
========================================================================
Received Import Request.
  Time since last request: 1003.255887 seconds.
  path: Assets/shoes Variant.prefab
  artifactKey: Guid(aa21c0c33cd29b942b23c06bdd7b3a76) Importer(815301076,1909f56bfc062723c751e8b465ee728b)
Start importing Assets/shoes Variant.prefab using Guid(aa21c0c33cd29b942b23c06bdd7b3a76) Importer(815301076,1909f56bfc062723c751e8b465ee728b) The script 'Items' does not derive from MonoBehaviour, but has been added to Game Object 'items'. Please remove the script from the Game Object to avoid crashes.

 -> (artifact id: '72c96708dec298141bb6210d3d3ac99c') in 0.223938 seconds 
  Import took 0.243346 seconds .

========================================================================
Received Import Request.
  Time since last request: 0.000264 seconds.
  path: Assets/items.prefab
  artifactKey: Guid(8ea8599b02d4de744a89514006a3dd3d) Importer(815301076,1909f56bfc062723c751e8b465ee728b)
Start importing Assets/items.prefab using Guid(8ea8599b02d4de744a89514006a3dd3d) Importer(815301076,1909f56bfc062723c751e8b465ee728b) The script 'Items' does not derive from MonoBehaviour, but has been added to Game Object 'items'. Please remove the script from the Game Object to avoid crashes.

 -> (artifact id: '3a3dad8c825de0b1e6cd39d1a9b230d0') in 0.095524 seconds 
  Import took 0.108583 seconds .

========================================================================
Received Import Request.
  Time since last request: 0.000316 seconds.
  path: Assets/tops Variant.prefab
  artifactKey: Guid(c87e404fdfba1ac43b435846be44f745) Importer(815301076,1909f56bfc062723c751e8b465ee728b)
Start importing Assets/tops Variant.prefab using Guid(c87e404fdfba1ac43b435846be44f745) Importer(815301076,1909f56bfc062723c751e8b465ee728b) The script 'Items' does not derive from MonoBehaviour, but has been added to Game Object 'items'. Please remove the script from the Game Object to avoid crashes.

 -> (artifact id: 'f19a9eb8877e74b270de3184fcce4871') in 0.105074 seconds 
  Import took 0.134238 seconds .

========================================================================
Received Import Request.
  Time since last request: 0.000296 seconds.
  path: Assets/hair Variant.prefab
  artifactKey: Guid(9051dbed524ff00479989ff266d5029c) Importer(815301076,1909f56bfc062723c751e8b465ee728b)
Start importing Assets/hair Variant.prefab using Guid(9051dbed524ff00479989ff266d5029c) Importer(815301076,1909f56bfc062723c751e8b465ee728b) The script 'Items' does not derive from MonoBehaviour, but has been added to Game Object 'items'. Please remove the script from the Game Object to avoid crashes.

 -> (artifact id: '3918b3840b3bc85fb08d3445aaa44fad') in 0.104316 seconds 
  Import took 0.125860 seconds .

========================================================================
Received Import Request.
  Time since last request: 0.000268 seconds.
  path: Assets/bottoms Variant.prefab
  artifactKey: Guid(8eb680464e169d045b8cbc218f73ee9d) Importer(815301076,1909f56bfc062723c751e8b465ee728b)
Start importing Assets/bottoms Variant.prefab using Guid(8eb680464e169d045b8cbc218f73ee9d) Importer(815301076,1909f56bfc062723c751e8b465ee728b) The script 'Items' does not derive from MonoBehaviour, but has been added to Game Object 'items'. Please remove the script from the Game Object to avoid crashes.

 -> (artifact id: 'b44ba2e45343680ef8eddfddbb04793e') in 0.668491 seconds 
  Import took 0.783590 seconds .

========================================================================
Received Import Request.
  Time since last request: 7.039732 seconds.
  path: Assets/Data.asset
  artifactKey: Guid(50f4edb40dabd1541adfea16aa13f67c) Importer(815301076,1909f56bfc062723c751e8b465ee728b)
Start importing Assets/Data.asset using Guid(50f4edb40dabd1541adfea16aa13f67c) Importer(815301076,1909f56bfc062723c751e8b465ee728b)  -> (artifact id: '33988db181f97d58485c310964a2bdf7') in 0.025670 seconds 
  Import took 0.063588 seconds .

========================================================================
Received Prepare
Registering precompiled user dll's ...
Registered in 0.031163 seconds.
Begin MonoManager ReloadAssembly
Native extension for WindowsStandalone target not found
Refreshing native plugins compatible for Editor in 0.66 ms, found 3 plugins.
Preloading 0 native plugins for Editor in 0.00 ms.
Mono: successfully reloaded assembly
- Completed reload, in  3.617 seconds
Domain Reload Profiling:
	ReloadAssembly (3617ms)
		BeginReloadAssembly (266ms)
			ExecutionOrderSort (0ms)
			DisableScriptedObjects (17ms)
			BackupInstance (0ms)
			ReleaseScriptingObjects (0ms)
			CreateAndSetChildDomain (73ms)
		EndReloadAssembly (3130ms)
			LoadAssemblies (241ms)
			RebuildTransferFunctionScriptingTraits (0ms)
			SetupTypeCache (730ms)
			ReleaseScriptCaches (1ms)
			RebuildScriptCaches (102ms)
			SetupLoadedEditorAssemblies (1166ms)
				LogAssemblyErrors (0ms)
				InitializePlatformSupportModulesInManaged (14ms)
				SetLoadedEditorAssemblies (1ms)
				RefreshPlugins (1ms)
				BeforeProcessingInitializeOnLoad (184ms)
				ProcessInitializeOnLoadAttributes (940ms)
				ProcessInitializeOnLoadMethodAttributes (11ms)
				AfterProcessingInitializeOnLoad (16ms)
				EditorAssembliesLoaded (0ms)
			ExecutionOrderSort2 (0ms)
			AwakeInstancesAfterBackupRestoration (25ms)
Platform modules already initialized, skipping
Switching build target platform(19) subTarget(0) extendedPlatform(0) -> platform(9) subTarget(16777218) extendedPlatform(0)
Refreshing native plugins compatible for Editor in 1.29 ms, found 3 plugins.
Preloading 0 native plugins for Editor in 0.00 ms.
Unloading 2092 Unused Serialized files (Serialized files now loaded: 0)
System memory in use before: 93.8 MB.
System memory in use after: 93.9 MB.

Unloading 16 unused Assets to reduce memory usage. Loaded Objects now: 2552.
Total: 14.302800 ms (FindLiveObjects: 0.350900 ms CreateObjectMapping: 0.175800 ms MarkObjects: 13.730100 ms  DeleteObjects: 0.043700 ms)

AssetImportParameters requested are different than current active one (requested -> active):
  custom:framework-win-MediaFoundation: 216162199b28c13a410421893ffa2e32 -> 
  custom:video-decoder-ogg-theora: a1e56fd34408186e4bbccfd4996cb3dc -> 
  custom:container-muxer-webm: aa71ff27fc2769a1b78a27578f13a17b -> 
  custom:container-demuxer-webm: 4f35f7cbe854078d1ac9338744f61a02 -> 
  custom:container-demuxer-ogg: 62fdf1f143b41e24485cea50d1cbac27 -> 
  custom:video-encoder-webm-vp8: eb34c28f22e8b96e1ab97ce403110664 -> 
  custom:video-codec-MediaFoundation-h265: 746d11721c4dcdbdad8f713fa42b33f4 -> 
  custom:video-decoder-webm-vp8: 9c59270c3fd7afecdb556c50c9e8de78 -> 
  custom:graphics/normal-map-encoding: 01000000000000000000000000000000 -> 02000000000000000000000000000000
  custom:audio-decoder-ogg-vorbis: bf7c407c2cedff20999df2af8eb42d56 -> 
  custom:audio-encoder-webm-vorbis: bf7c407c2cedff20999df2af8eb42d56 -> 
========================================================================
Received Prepare
Registering precompiled user dll's ...
Registered in 0.034020 seconds.
Begin MonoManager ReloadAssembly
Native extension for WindowsStandalone target not found
Refreshing native plugins compatible for Editor in 1.56 ms, found 3 plugins.
Preloading 0 native plugins for Editor in 0.00 ms.
Mono: successfully reloaded assembly
- Completed reload, in  5.608 seconds
Domain Reload Profiling:
	ReloadAssembly (5609ms)
		BeginReloadAssembly (435ms)
			ExecutionOrderSort (0ms)
			DisableScriptedObjects (23ms)
			BackupInstance (0ms)
			ReleaseScriptingObjects (0ms)
			CreateAndSetChildDomain (130ms)
		EndReloadAssembly (4892ms)
			LoadAssemblies (459ms)
			RebuildTransferFunctionScriptingTraits (0ms)
			SetupTypeCache (1770ms)
			ReleaseScriptCaches (5ms)
			RebuildScriptCaches (221ms)
			SetupLoadedEditorAssemblies (1411ms)
				LogAssemblyErrors (0ms)
				InitializePlatformSupportModulesInManaged (28ms)
				SetLoadedEditorAssemblies (1ms)
				RefreshPlugins (2ms)
				BeforeProcessingInitializeOnLoad (246ms)
				ProcessInitializeOnLoadAttributes (1076ms)
				ProcessInitializeOnLoadMethodAttributes (21ms)
				AfterProcessingInitializeOnLoad (38ms)
				EditorAssembliesLoaded (0ms)
			ExecutionOrderSort2 (0ms)
			AwakeInstancesAfterBackupRestoration (48ms)
Platform modules already initialized, skipping
Switching build target platform(19) subTarget(0) extendedPlatform(0) -> platform(9) subTarget(16777218) extendedPlatform(0)
Refreshing native plugins compatible for Editor in 1.48 ms, found 3 plugins.
Preloading 0 native plugins for Editor in 0.00 ms.
Unloading 2092 Unused Serialized files (Serialized files now loaded: 0)
System memory in use before: 93.8 MB.
System memory in use after: 93.9 MB.

Unloading 16 unused Assets to reduce memory usage. Loaded Objects now: 2555.
Total: 9.767500 ms (FindLiveObjects: 0.343500 ms CreateObjectMapping: 0.172500 ms MarkObjects: 9.212500 ms  DeleteObjects: 0.032500 ms)

AssetImportParameters requested are different than current active one (requested -> active):
  custom:framework-win-MediaFoundation: 216162199b28c13a410421893ffa2e32 -> 
  custom:video-decoder-ogg-theora: a1e56fd34408186e4bbccfd4996cb3dc -> 
  custom:container-muxer-webm: aa71ff27fc2769a1b78a27578f13a17b -> 
  custom:container-demuxer-webm: 4f35f7cbe854078d1ac9338744f61a02 -> 
  custom:container-demuxer-ogg: 62fdf1f143b41e24485cea50d1cbac27 -> 
  custom:video-encoder-webm-vp8: eb34c28f22e8b96e1ab97ce403110664 -> 
  custom:video-codec-MediaFoundation-h265: 746d11721c4dcdbdad8f713fa42b33f4 -> 
  custom:video-decoder-webm-vp8: 9c59270c3fd7afecdb556c50c9e8de78 -> 
  custom:graphics/normal-map-encoding: 01000000000000000000000000000000 -> 02000000000000000000000000000000
  custom:audio-decoder-ogg-vorbis: bf7c407c2cedff20999df2af8eb42d56 -> 
  custom:audio-encoder-webm-vorbis: bf7c407c2cedff20999df2af8eb42d56 -> 
========================================================================
Received Import Request.
  Time since last request: 128.199639 seconds.
  path: Assets/bottoms Variant.prefab
  artifactKey: Guid(8eb680464e169d045b8cbc218f73ee9d) Importer(815301076,1909f56bfc062723c751e8b465ee728b)
Start importing Assets/bottoms Variant.prefab using Guid(8eb680464e169d045b8cbc218f73ee9d) Importer(815301076,1909f56bfc062723c751e8b465ee728b)  -> (artifact id: '2c0124501025d90bfce01261f38e4fdd') in 0.316192 seconds 
  Import took 0.348297 seconds .

========================================================================
Received Import Request.
  Time since last request: 0.000340 seconds.
  path: Assets/shoes Variant.prefab
  artifactKey: Guid(aa21c0c33cd29b942b23c06bdd7b3a76) Importer(815301076,1909f56bfc062723c751e8b465ee728b)
Start importing Assets/shoes Variant.prefab using Guid(aa21c0c33cd29b942b23c06bdd7b3a76) Importer(815301076,1909f56bfc062723c751e8b465ee728b)  -> (artifact id: 'c7f44b02c7a3524b7e1aaf616734612e') in 0.208597 seconds 
  Import took 0.229739 seconds .

========================================================================
Received Import Request.
  Time since last request: 0.000280 seconds.
  path: Assets/items.prefab
  artifactKey: Guid(8ea8599b02d4de744a89514006a3dd3d) Importer(815301076,1909f56bfc062723c751e8b465ee728b)
Start importing Assets/items.prefab using Guid(8ea8599b02d4de744a89514006a3dd3d) Importer(815301076,1909f56bfc062723c751e8b465ee728b)  -> (artifact id: 'f1dd978c723a517d7ff55eba2c3304eb') in 0.067722 seconds 
  Import took 0.084622 seconds .

========================================================================
Received Import Request.
  Time since last request: 0.000305 seconds.
  path: Assets/tops Variant.prefab
  artifactKey: Guid(c87e404fdfba1ac43b435846be44f745) Importer(815301076,1909f56bfc062723c751e8b465ee728b)
Start importing Assets/tops Variant.prefab using Guid(c87e404fdfba1ac43b435846be44f745) Importer(815301076,1909f56bfc062723c751e8b465ee728b)  -> (artifact id: '25114b309bac29c878d526433f53cb2d') in 0.115634 seconds 
  Import took 0.154435 seconds .

========================================================================
Received Import Request.
  Time since last request: 0.000593 seconds.
  path: Assets/hair Variant.prefab
  artifactKey: Guid(9051dbed524ff00479989ff266d5029c) Importer(815301076,1909f56bfc062723c751e8b465ee728b)
Start importing Assets/hair Variant.prefab using Guid(9051dbed524ff00479989ff266d5029c) Importer(815301076,1909f56bfc062723c751e8b465ee728b)  -> (artifact id: '755a70c6e28d66eecc1b1d26b0e9f2af') in 0.107833 seconds 
  Import took 0.126622 seconds .

========================================================================
Received Import Request.
  Time since last request: 1.496907 seconds.
  path: Assets/tops.asset
  artifactKey: Guid(02616014c0a9952458d3faeb495703c8) Importer(815301076,1909f56bfc062723c751e8b465ee728b)
Start importing Assets/tops.asset using Guid(02616014c0a9952458d3faeb495703c8) Importer(815301076,1909f56bfc062723c751e8b465ee728b)  -> (artifact id: '3742b10d49f3cdda2e7cbe5755e413ba') in 0.068706 seconds 
  Import took 0.094338 seconds .

========================================================================
Received Import Request.
  Time since last request: 0.002220 seconds.
  path: Assets/tops.asset
  artifactKey: Guid(02616014c0a9952458d3faeb495703c8) Importer(815301076,1909f56bfc062723c751e8b465ee728b)
Start importing Assets/tops.asset using Guid(02616014c0a9952458d3faeb495703c8) Importer(815301076,1909f56bfc062723c751e8b465ee728b)  -> (artifact id: '3742b10d49f3cdda2e7cbe5755e413ba') in 0.032499 seconds 
  Import took 0.071736 seconds .

========================================================================
Received Import Request.
  Time since last request: 86.284357 seconds.
  path: Assets/Data 1.asset
  artifactKey: Guid(41ac915199b8c6843b7a03e84de42526) Importer(815301076,1909f56bfc062723c751e8b465ee728b)
Start importing Assets/Data 1.asset using Guid(41ac915199b8c6843b7a03e84de42526) Importer(815301076,1909f56bfc062723c751e8b465ee728b)  -> (artifact id: '9cd149e234279c0ef06e866b90613aed') in 0.042487 seconds 
  Import took 0.057452 seconds .

========================================================================
Received Import Request.
  Time since last request: 519.892522 seconds.
  path: Assets/bottoms Variant.prefab
  artifactKey: Guid(8eb680464e169d045b8cbc218f73ee9d) Importer(815301076,1909f56bfc062723c751e8b465ee728b)
Start importing Assets/bottoms Variant.prefab using Guid(8eb680464e169d045b8cbc218f73ee9d) Importer(815301076,1909f56bfc062723c751e8b465ee728b)  -> (artifact id: 'b862702276e636fc5116a69f341a4bb9') in 0.122556 seconds 
  Import took 0.143408 seconds .

========================================================================
Received Import Request.
  Time since last request: 0.000282 seconds.
  path: Assets/shoes Variant.prefab
  artifactKey: Guid(aa21c0c33cd29b942b23c06bdd7b3a76) Importer(815301076,1909f56bfc062723c751e8b465ee728b)
Start importing Assets/shoes Variant.prefab using Guid(aa21c0c33cd29b942b23c06bdd7b3a76) Importer(815301076,1909f56bfc062723c751e8b465ee728b)  -> (artifact id: 'cdc102d2a0c2def72cf8c52b2d1db62c') in 0.151170 seconds 
  Import took 0.174060 seconds .

========================================================================
Received Import Request.
  Time since last request: 0.000341 seconds.
  path: Assets/Data 1.asset
  artifactKey: Guid(41ac915199b8c6843b7a03e84de42526) Importer(815301076,1909f56bfc062723c751e8b465ee728b)
Start importing Assets/Data 1.asset using Guid(41ac915199b8c6843b7a03e84de42526) Importer(815301076,1909f56bfc062723c751e8b465ee728b)  -> (artifact id: '9136ad8ab12a8c560b232664259e184d') in 0.022285 seconds 
  Import took 0.060049 seconds .

========================================================================
Received Import Request.
  Time since last request: 0.000752 seconds.
  path: Assets/items.prefab
  artifactKey: Guid(8ea8599b02d4de744a89514006a3dd3d) Importer(815301076,1909f56bfc062723c751e8b465ee728b)
Start importing Assets/items.prefab using Guid(8ea8599b02d4de744a89514006a3dd3d) Importer(815301076,1909f56bfc062723c751e8b465ee728b)  -> (artifact id: '25afd657f42113e11ffdf2963d9b482a') in 0.127388 seconds 
  Import took 0.684265 seconds .

========================================================================
Received Import Request.
  Time since last request: 0.025459 seconds.
  path: Assets/tops Variant.prefab
  artifactKey: Guid(c87e404fdfba1ac43b435846be44f745) Importer(815301076,1909f56bfc062723c751e8b465ee728b)
Start importing Assets/tops Variant.prefab using Guid(c87e404fdfba1ac43b435846be44f745) Importer(815301076,1909f56bfc062723c751e8b465ee728b)  -> (artifact id: 'c8eb58cb2b68ececf0ce2ed3d718e1ef') in 0.301982 seconds 
  Import took 0.498953 seconds .

========================================================================
Received Import Request.
  Time since last request: 0.000329 seconds.
  path: Assets/hair Variant.prefab
  artifactKey: Guid(9051dbed524ff00479989ff266d5029c) Importer(815301076,1909f56bfc062723c751e8b465ee728b)
Start importing Assets/hair Variant.prefab using Guid(9051dbed524ff00479989ff266d5029c) Importer(815301076,1909f56bfc062723c751e8b465ee728b)  -> (artifact id: '78d98e2f1a94ce118dc8a03cfc0fb71d') in 0.542459 seconds 
  Import took 0.707882 seconds .

========================================================================
Received Import Request.
  Time since last request: 0.000815 seconds.
  path: Assets/tops Variant.prefab
  artifactKey: Guid(c87e404fdfba1ac43b435846be44f745) Importer(815301076,1909f56bfc062723c751e8b465ee728b)
Start importing Assets/tops Variant.prefab using Guid(c87e404fdfba1ac43b435846be44f745) Importer(815301076,1909f56bfc062723c751e8b465ee728b)  -> (artifact id: '320e35c85df0bc75c2b221b01e179510') in 0.120702 seconds 
  Import took 0.142727 seconds .

========================================================================
Received Import Request.
  Time since last request: 2843.469611 seconds.
  path: Assets/bottoms Variant.prefab
  artifactKey: Guid(8eb680464e169d045b8cbc218f73ee9d) Importer(815301076,1909f56bfc062723c751e8b465ee728b)
Start importing Assets/bottoms Variant.prefab using Guid(8eb680464e169d045b8cbc218f73ee9d) Importer(815301076,1909f56bfc062723c751e8b465ee728b)  -> (artifact id: '10867bdbceb017b2f83a833c35d82fa0') in 0.227566 seconds 
  Import took 0.270183 seconds .

========================================================================
Received Import Request.
  Time since last request: 0.000245 seconds.
  path: Assets/shoes Variant.prefab
  artifactKey: Guid(aa21c0c33cd29b942b23c06bdd7b3a76) Importer(815301076,1909f56bfc062723c751e8b465ee728b)
Start importing Assets/shoes Variant.prefab using Guid(aa21c0c33cd29b942b23c06bdd7b3a76) Importer(815301076,1909f56bfc062723c751e8b465ee728b)  -> (artifact id: '8ee1cf398b66882a729ece62b8149cee') in 0.197161 seconds 
  Import took 0.220251 seconds .

========================================================================
Received Import Request.
  Time since last request: 0.000337 seconds.
  path: Assets/items.prefab
  artifactKey: Guid(8ea8599b02d4de744a89514006a3dd3d) Importer(815301076,1909f56bfc062723c751e8b465ee728b)
Start importing Assets/items.prefab using Guid(8ea8599b02d4de744a89514006a3dd3d) Importer(815301076,1909f56bfc062723c751e8b465ee728b)  -> (artifact id: '0e6b9073a77d3406dd92ef95ef54d051') in 0.121784 seconds 
  Import took 0.145693 seconds .

========================================================================
Received Import Request.
  Time since last request: 0.000265 seconds.
  path: Assets/tops Variant.prefab
  artifactKey: Guid(c87e404fdfba1ac43b435846be44f745) Importer(815301076,1909f56bfc062723c751e8b465ee728b)
Start importing Assets/tops Variant.prefab using Guid(c87e404fdfba1ac43b435846be44f745) Importer(815301076,1909f56bfc062723c751e8b465ee728b)  -> (artifact id: '537e810ea30897c6b699800ec1c5d118') in 0.127420 seconds 
  Import took 0.143329 seconds .

========================================================================
Received Import Request.
  Time since last request: 0.000286 seconds.
  path: Assets/hair Variant.prefab
  artifactKey: Guid(9051dbed524ff00479989ff266d5029c) Importer(815301076,1909f56bfc062723c751e8b465ee728b)
Start importing Assets/hair Variant.prefab using Guid(9051dbed524ff00479989ff266d5029c) Importer(815301076,1909f56bfc062723c751e8b465ee728b)  -> (artifact id: '77a265d6a8c2b3c34886a161eb7ae6f3') in 0.149132 seconds 
  Import took 0.166333 seconds .

========================================================================
Received Import Request.
  Time since last request: 19.918302 seconds.
  path: Assets/Items.cs
  artifactKey: Guid(35b68fa7e0b447d4197b74a4ac4aecd1) Importer(815301076,1909f56bfc062723c751e8b465ee728b)
Start importing Assets/Items.cs using Guid(35b68fa7e0b447d4197b74a4ac4aecd1) Importer(815301076,1909f56bfc062723c751e8b465ee728b)  -> (artifact id: '2e9d905cec9b5125622fa72250533e96') in 0.111590 seconds 
  Import took 0.121029 seconds .

========================================================================
Received Import Request.
  Time since last request: 31.508466 seconds.
  path: Assets/tops Variant.prefab
  artifactKey: Guid(c87e404fdfba1ac43b435846be44f745) Importer(815301076,1909f56bfc062723c751e8b465ee728b)
Start importing Assets/tops Variant.prefab using Guid(c87e404fdfba1ac43b435846be44f745) Importer(815301076,1909f56bfc062723c751e8b465ee728b)  -> (artifact id: '1b11e685f2f024447463f3c41ab078a4') in 0.096368 seconds 
  Import took 0.128746 seconds .

========================================================================
Received Import Request.
  Time since last request: 31.791843 seconds.
  path: Assets/test.asset
  artifactKey: Guid(10c6b444cac31d847a08aa498c33c27c) Importer(815301076,1909f56bfc062723c751e8b465ee728b)
Start importing Assets/test.asset using Guid(10c6b444cac31d847a08aa498c33c27c) Importer(815301076,1909f56bfc062723c751e8b465ee728b)  -> (artifact id: 'e07c499c22d5685d9470bac5bf72c031') in 0.131336 seconds 
  Import took 0.186630 seconds .

========================================================================
Received Import Request.
  Time since last request: 25848.485962 seconds.
  path: Assets/test.asset
  artifactKey: Guid(10c6b444cac31d847a08aa498c33c27c) Importer(815301076,1909f56bfc062723c751e8b465ee728b)
Start importing Assets/test.asset using Guid(10c6b444cac31d847a08aa498c33c27c) Importer(815301076,1909f56bfc062723c751e8b465ee728b)  -> (artifact id: 'e0d790e31e9965161de4618f8adb84ca') in 0.083021 seconds 
  Import took 0.229309 seconds .

